<?xml version="1.0" encoding="UTF-8"?>
<testsuite name="ru.stqa.pft.sandbox.PrimeTests" tests="2" skipped="0" failures="0" errors="0" timestamp="2018-10-10T08:50:38" hostname="ViliXaL-PC" time="0.002">
  <properties/>
  <testcase name="testNonPrimes" classname="ru.stqa.pft.sandbox.PrimeTests" time="0.001"/>
  <testcase name="testPrimes" classname="ru.stqa.pft.sandbox.PrimeTests" time="0.001"/>
  <system-out><![CDATA[]]></system-out>
  <system-err><![CDATA[]]></system-err>
</testsuite>
