<?xml version="1.0" encoding="UTF-8"?>
<testsuite name="ru.stqa.pft.addressbook.tests.ContactModificationTests" tests="1" skipped="0" failures="0" errors="0" timestamp="2018-10-06T14:57:05" hostname="ViliXaL-PC" time="3.538">
  <properties/>
  <testcase name="testNewAddressCreation" classname="ru.stqa.pft.addressbook.tests.ContactModificationTests" time="3.538"/>
  <system-out><![CDATA[]]></system-out>
  <system-err><![CDATA[]]></system-err>
</testsuite>
