<?xml version="1.0" encoding="UTF-8"?>
<testsuite name="ru.stqa.pft.addressbook.tests.ContactModificationTests" tests="1" skipped="0" failures="0" errors="0" timestamp="2018-10-06T14:52:29" hostname="ViliXaL-PC" time="3.273">
  <properties/>
  <testcase name="testNewAddressCreation" classname="ru.stqa.pft.addressbook.tests.ContactModificationTests" time="3.273"/>
  <system-out><![CDATA[]]></system-out>
  <system-err><![CDATA[]]></system-err>
</testsuite>
