<?xml version="1.0" encoding="UTF-8"?>
<testsuite name="ru.stqa.pft.addressbook.tests.GroupCreationTests" tests="4" skipped="0" failures="0" errors="0" timestamp="2018-10-06T14:52:07" hostname="ViliXaL-PC" time="5.578">
  <properties/>
  <testcase name="testBadGroupCreation" classname="ru.stqa.pft.addressbook.tests.GroupCreationTests" time="1.592"/>
  <testcase name="testGroupCreation[0](GroupData{id='2147483647', name='test 0'})" classname="ru.stqa.pft.addressbook.tests.GroupCreationTests" time="1.335"/>
  <testcase name="testGroupCreation[1](GroupData{id='2147483647', name='test 1'})" classname="ru.stqa.pft.addressbook.tests.GroupCreationTests" time="1.3"/>
  <testcase name="testGroupCreation[2](GroupData{id='2147483647', name='test 2'})" classname="ru.stqa.pft.addressbook.tests.GroupCreationTests" time="1.303"/>
  <system-out><![CDATA[]]></system-out>
  <system-err><![CDATA[]]></system-err>
</testsuite>
